-I- Using online data model
-I- Getting method codes from earthref.org
-I- Importing controlled vocabularies from https://earthref.org
data model: 3.0
-I- Using magn_moment for intensity
-I- done sorting meas data
No lower bound for Fit 1 on specimen HH8-3b using lowest step (0) for lower bound
No upper bound for fit Fit 1 on specimen HH8-3b using last step (100.0mT) for upper bound
Error: Could not do PCA recieved the following fit information
([[0.0, 227.3428861, 38.95540435, 1.06e-07, 0, None, 'IRM-SRM-U'], [0.0, 227.0544435, 45.6025656, 1.18e-07, 0, None, 'IRM-SRM-U'], [5.0, 229.5121397, 38.76231063, 5.32e-08, 0, None, 'IRM-SRM-U'], [10.0, -80.32828363, 49.92869653, 5.88e-08, 0, None, 'IRM-SRM-U'], [15.0, -59.67800145, 50.731062, 5.83e-08, 0, None, 'IRM-SRM-U'], [20.0, -49.95384353, 52.26856325, 5.84e-08, 0, None, 'IRM-SRM-U'], [30.0, -61.87292444, 36.8590321, 5.27e-08, 0, None, 'IRM-SRM-U'], [40.0, -38.58056963, 38.21747091, 4.84e-08, 0, None, 'IRM-SRM-U'], [50.0, -6.632548267, 60.49167112, 3.35e-08, 0, None, 'IRM-SRM-U'], [60.0, -37.44540243, 57.73209637, 3.33e-08, 0, None, 'IRM-SRM-U'], [80.0, -60.41832055, 42.38460546, 1.71e-08, 0, None, 'IRM-SRM-U'], [100.0, 60.24176938, 48.0312625, 3.38e-08, 0, None, 'IRM-SRM-U']], 0, 11, 'DE-BFL', 'HH8-3b', 'Fit 1', '0', '100.0mT', 'specimen')
None
-E- invalid parameters cannot assign to fit Fit 1 for specimen HH8-3b - was given:
None
-E- no such parameters to fetch for  in fit: Fit 1
Error: Could not do PCA recieved the following fit information
([[0.0, 227.3428861, 38.95540435, 1.06e-07, 0, None, 'IRM-SRM-U'], [0.0, 227.0544435, 45.6025656, 1.18e-07, 0, None, 'IRM-SRM-U'], [5.0, 229.5121397, 38.76231063, 5.32e-08, 0, None, 'IRM-SRM-U'], [10.0, -80.32828363, 49.92869653, 5.88e-08, 0, None, 'IRM-SRM-U'], [15.0, -59.67800145, 50.731062, 5.83e-08, 0, None, 'IRM-SRM-U'], [20.0, -49.95384353, 52.26856325, 5.84e-08, 0, None, 'IRM-SRM-U'], [30.0, -61.87292444, 36.8590321, 5.27e-08, 0, None, 'IRM-SRM-U'], [40.0, -38.58056963, 38.21747091, 4.84e-08, 0, None, 'IRM-SRM-U'], [50.0, -6.632548267, 60.49167112, 3.35e-08, 0, None, 'IRM-SRM-U'], [60.0, -37.44540243, 57.73209637, 3.33e-08, 0, None, 'IRM-SRM-U'], [80.0, -60.41832055, 42.38460546, 1.71e-08, 0, None, 'IRM-SRM-U'], [100.0, 60.24176938, 48.0312625, 3.38e-08, 0, None, 'IRM-SRM-U']], 0, 11, 'DE-BFL', 'HH8-3b', 'Fit 1', '0', '100.0mT', 'specimen')
None
-E- invalid parameters cannot assign to fit Fit 1 for specimen HH8-3b - was given:
None
-E- no such parameters to fetch for  in fit: Fit 1
Error: Could not do PCA recieved the following fit information
([[0.0, 227.3428861, 38.95540435, 1.06e-07, 0, None, 'IRM-SRM-U'], [0.0, 227.0544435, 45.6025656, 1.18e-07, 0, None, 'IRM-SRM-U'], [5.0, 229.5121397, 38.76231063, 5.32e-08, 0, None, 'IRM-SRM-U'], [10.0, -80.32828363, 49.92869653, 5.88e-08, 0, None, 'IRM-SRM-U'], [15.0, -59.67800145, 50.731062, 5.83e-08, 0, None, 'IRM-SRM-U'], [20.0, -49.95384353, 52.26856325, 5.84e-08, 0, None, 'IRM-SRM-U'], [30.0, -61.87292444, 36.8590321, 5.27e-08, 0, None, 'IRM-SRM-U'], [40.0, -38.58056963, 38.21747091, 4.84e-08, 0, None, 'IRM-SRM-U'], [50.0, -6.632548267, 60.49167112, 3.35e-08, 0, None, 'IRM-SRM-U'], [60.0, -37.44540243, 57.73209637, 3.33e-08, 0, None, 'IRM-SRM-U'], [80.0, -60.41832055, 42.38460546, 1.71e-08, 0, None, 'IRM-SRM-U'], [100.0, 60.24176938, 48.0312625, 3.38e-08, 0, None, 'IRM-SRM-U']], 0, 11, 'DE-BFL', 'HH8-3b', 'Fit 1', '0', '100.0mT', 'specimen')
None
-E- invalid parameters cannot assign to fit Fit 1 for specimen HH8-3b - was given:
None
-E- no such parameters to fetch for  in fit: Fit 1
Error: Could not do PCA recieved the following fit information
([[0.0, 227.3428861, 38.95540435, 1.06e-07, 0, None, 'IRM-SRM-U'], [0.0, 227.0544435, 45.6025656, 1.18e-07, 0, None, 'IRM-SRM-U'], [5.0, 229.5121397, 38.76231063, 5.32e-08, 0, None, 'IRM-SRM-U'], [10.0, -80.32828363, 49.92869653, 5.88e-08, 0, None, 'IRM-SRM-U'], [15.0, -59.67800145, 50.731062, 5.83e-08, 0, None, 'IRM-SRM-U'], [20.0, -49.95384353, 52.26856325, 5.84e-08, 0, None, 'IRM-SRM-U'], [30.0, -61.87292444, 36.8590321, 5.27e-08, 0, None, 'IRM-SRM-U'], [40.0, -38.58056963, 38.21747091, 4.84e-08, 0, None, 'IRM-SRM-U'], [50.0, -6.632548267, 60.49167112, 3.35e-08, 0, None, 'IRM-SRM-U'], [60.0, -37.44540243, 57.73209637, 3.33e-08, 0, None, 'IRM-SRM-U'], [80.0, -60.41832055, 42.38460546, 1.71e-08, 0, None, 'IRM-SRM-U'], [100.0, 60.24176938, 48.0312625, 3.38e-08, 0, None, 'IRM-SRM-U']], 4, 11, 'DE-BFL', 'HH8-3b', 'Fit 1', '15.0mT', '100.0mT', 'specimen')
None
-E- invalid parameters cannot assign to fit Fit 1 for specimen HH8-3b - was given:
None
-E- no such parameters to fetch for  in fit: Fit 1
No lower bound for Fit 1 on specimen MA1-2b using lowest step (0) for lower bound
No upper bound for fit Fit 1 on specimen MA1-2b using last step (170.0mT) for upper bound
Error: Could not do PCA recieved the following fit information
([[0.0, 188.2502557, 14.19218535, 1.07e-06, 0, None, 'IRM-SRM-U'], [1.0, 189.4478798, 14.93852077, 1.06e-06, 0, None, 'IRM-SRM-U'], [2.0, 184.7861865, 11.9532345, 1.04e-06, 0, None, 'IRM-SRM-U'], [3.0, -185.4607389, 2.910515064, 1.03e-06, 0, None, 'IRM-SRM-U'], [4.0, -193.9826195, -3.026375001, 1.07e-06, 0, None, 'IRM-SRM-U'], [5.0, -199.0959619, -6.077272386, 1.11e-06, 0, None, 'IRM-SRM-U'], [6.0, -201.5202305, -7.568853677, 1.14e-06, 0, None, 'IRM-SRM-U'], [7.0, -203.4450268, -8.117086056, 1.16e-06, 0, None, 'IRM-SRM-U'], [8.0, -204.5474202, -8.455357618, 1.17e-06, 0, None, 'IRM-SRM-U'], [9.0, -205.2808745, -8.476924917, 1.18e-06, 0, None, 'IRM-SRM-U'], [10.0, -206.4739014, -8.786669594, 1.19e-06, 0, None, 'IRM-SRM-U'], [15.0, -207.8637616, -8.654870013, 1.21e-06, 0, None, 'IRM-SRM-U'], [20.0, -207.8343914, -8.605038854, 1.23e-06, 0, None, 'IRM-SRM-U'], [25.0, -208.542712, -8.147734118, 1.23e-06, 0, None, 'IRM-SRM-U'], [30.0, -208.5314219, -9.909073435, 1.26e-06, 0, None, 'IRM-SRM-U'], [35.0, -207.7768052, -10.87107032, 1.27e-06, 0, None, 'IRM-SRM-U'], [40.0, -208.051813, -11.82615004, 1.29e-06, 0, None, 'IRM-SRM-U'], [45.0, -208.0542285, -12.08910008, 1.31e-06, 0, None, 'IRM-SRM-U'], [50.0, -207.6183953, -12.92621222, 1.34e-06, 0, None, 'IRM-SRM-U'], [55.0, -207.2301357, -14.13772914, 1.38e-06, 0, None, 'IRM-SRM-U'], [60.0, -206.574986, -14.30158231, 1.41e-06, 0, None, 'IRM-SRM-U'], [70.0, -206.4186494, -15.47382089, 1.46e-06, 0, None, 'IRM-SRM-U'], [80.0, -205.8073607, -16.98616305, 1.53e-06, 0, None, 'IRM-SRM-U'], [90.0, -203.9431533, -17.41849924, 1.53e-06, 0, None, 'IRM-SRM-U'], [100.0, -203.9247471, -17.07517183, 1.55e-06, 0, None, 'IRM-SRM-U'], [110.0, -203.144527, -14.19505903, 1.45e-06, 0, None, 'IRM-SRM-U'], [120.0, -203.0148359, -14.76971543, 1.42e-06, 0, None, 'IRM-SRM-U'], [130.0, -203.1053918, -10.86744428, 1.26e-06, 0, None, 'IRM-SRM-U'], [140.0, -205.0684608, -13.18882718, 1.23e-06, 0, None, 'IRM-SRM-U'], [150.0, -209.9445391, -16.966535, 1.11e-06, 0, None, 'IRM-SRM-U'], [160.0, -208.8940234, -10.33767874, 9.36e-07, 0, None, 'IRM-SRM-U'], [170.0, -215.2498139, -18.92342535, 8.47e-07, 0, None, 'IRM-SRM-U']], 0, 31, 'DE-BFL', 'MA1-2b', 'Fit 1', '0', '170.0mT', 'specimen')
None
-E- invalid parameters cannot assign to fit Fit 1 for specimen MA1-2b - was given:
None
-E- no such parameters to fetch for  in fit: Fit 1
Error: Could not do PCA recieved the following fit information
([[0.0, 188.2502557, 14.19218535, 1.07e-06, 0, None, 'IRM-SRM-U'], [1.0, 189.4478798, 14.93852077, 1.06e-06, 0, None, 'IRM-SRM-U'], [2.0, 184.7861865, 11.9532345, 1.04e-06, 0, None, 'IRM-SRM-U'], [3.0, -185.4607389, 2.910515064, 1.03e-06, 0, None, 'IRM-SRM-U'], [4.0, -193.9826195, -3.026375001, 1.07e-06, 0, None, 'IRM-SRM-U'], [5.0, -199.0959619, -6.077272386, 1.11e-06, 0, None, 'IRM-SRM-U'], [6.0, -201.5202305, -7.568853677, 1.14e-06, 0, None, 'IRM-SRM-U'], [7.0, -203.4450268, -8.117086056, 1.16e-06, 0, None, 'IRM-SRM-U'], [8.0, -204.5474202, -8.455357618, 1.17e-06, 0, None, 'IRM-SRM-U'], [9.0, -205.2808745, -8.476924917, 1.18e-06, 0, None, 'IRM-SRM-U'], [10.0, -206.4739014, -8.786669594, 1.19e-06, 0, None, 'IRM-SRM-U'], [15.0, -207.8637616, -8.654870013, 1.21e-06, 0, None, 'IRM-SRM-U'], [20.0, -207.8343914, -8.605038854, 1.23e-06, 0, None, 'IRM-SRM-U'], [25.0, -208.542712, -8.147734118, 1.23e-06, 0, None, 'IRM-SRM-U'], [30.0, -208.5314219, -9.909073435, 1.26e-06, 0, None, 'IRM-SRM-U'], [35.0, -207.7768052, -10.87107032, 1.27e-06, 0, None, 'IRM-SRM-U'], [40.0, -208.051813, -11.82615004, 1.29e-06, 0, None, 'IRM-SRM-U'], [45.0, -208.0542285, -12.08910008, 1.31e-06, 0, None, 'IRM-SRM-U'], [50.0, -207.6183953, -12.92621222, 1.34e-06, 0, None, 'IRM-SRM-U'], [55.0, -207.2301357, -14.13772914, 1.38e-06, 0, None, 'IRM-SRM-U'], [60.0, -206.574986, -14.30158231, 1.41e-06, 0, None, 'IRM-SRM-U'], [70.0, -206.4186494, -15.47382089, 1.46e-06, 0, None, 'IRM-SRM-U'], [80.0, -205.8073607, -16.98616305, 1.53e-06, 0, None, 'IRM-SRM-U'], [90.0, -203.9431533, -17.41849924, 1.53e-06, 0, None, 'IRM-SRM-U'], [100.0, -203.9247471, -17.07517183, 1.55e-06, 0, None, 'IRM-SRM-U'], [110.0, -203.144527, -14.19505903, 1.45e-06, 0, None, 'IRM-SRM-U'], [120.0, -203.0148359, -14.76971543, 1.42e-06, 0, None, 'IRM-SRM-U'], [130.0, -203.1053918, -10.86744428, 1.26e-06, 0, None, 'IRM-SRM-U'], [140.0, -205.0684608, -13.18882718, 1.23e-06, 0, None, 'IRM-SRM-U'], [150.0, -209.9445391, -16.966535, 1.11e-06, 0, None, 'IRM-SRM-U'], [160.0, -208.8940234, -10.33767874, 9.36e-07, 0, None, 'IRM-SRM-U'], [170.0, -215.2498139, -18.92342535, 8.47e-07, 0, None, 'IRM-SRM-U']], 0, 31, 'DE-BFL', 'MA1-2b', 'Fit 1', '0', '170.0mT', 'specimen')
None
-E- invalid parameters cannot assign to fit Fit 1 for specimen MA1-2b - was given:
None
-E- no such parameters to fetch for  in fit: Fit 1
Error: Could not do PCA recieved the following fit information
([[0.0, 188.2502557, 14.19218535, 1.07e-06, 0, None, 'IRM-SRM-U'], [1.0, 189.4478798, 14.93852077, 1.06e-06, 0, None, 'IRM-SRM-U'], [2.0, 184.7861865, 11.9532345, 1.04e-06, 0, None, 'IRM-SRM-U'], [3.0, -185.4607389, 2.910515064, 1.03e-06, 0, None, 'IRM-SRM-U'], [4.0, -193.9826195, -3.026375001, 1.07e-06, 0, None, 'IRM-SRM-U'], [5.0, -199.0959619, -6.077272386, 1.11e-06, 0, None, 'IRM-SRM-U'], [6.0, -201.5202305, -7.568853677, 1.14e-06, 0, None, 'IRM-SRM-U'], [7.0, -203.4450268, -8.117086056, 1.16e-06, 0, None, 'IRM-SRM-U'], [8.0, -204.5474202, -8.455357618, 1.17e-06, 0, None, 'IRM-SRM-U'], [9.0, -205.2808745, -8.476924917, 1.18e-06, 0, None, 'IRM-SRM-U'], [10.0, -206.4739014, -8.786669594, 1.19e-06, 0, None, 'IRM-SRM-U'], [15.0, -207.8637616, -8.654870013, 1.21e-06, 0, None, 'IRM-SRM-U'], [20.0, -207.8343914, -8.605038854, 1.23e-06, 0, None, 'IRM-SRM-U'], [25.0, -208.542712, -8.147734118, 1.23e-06, 0, None, 'IRM-SRM-U'], [30.0, -208.5314219, -9.909073435, 1.26e-06, 0, None, 'IRM-SRM-U'], [35.0, -207.7768052, -10.87107032, 1.27e-06, 0, None, 'IRM-SRM-U'], [40.0, -208.051813, -11.82615004, 1.29e-06, 0, None, 'IRM-SRM-U'], [45.0, -208.0542285, -12.08910008, 1.31e-06, 0, None, 'IRM-SRM-U'], [50.0, -207.6183953, -12.92621222, 1.34e-06, 0, None, 'IRM-SRM-U'], [55.0, -207.2301357, -14.13772914, 1.38e-06, 0, None, 'IRM-SRM-U'], [60.0, -206.574986, -14.30158231, 1.41e-06, 0, None, 'IRM-SRM-U'], [70.0, -206.4186494, -15.47382089, 1.46e-06, 0, None, 'IRM-SRM-U'], [80.0, -205.8073607, -16.98616305, 1.53e-06, 0, None, 'IRM-SRM-U'], [90.0, -203.9431533, -17.41849924, 1.53e-06, 0, None, 'IRM-SRM-U'], [100.0, -203.9247471, -17.07517183, 1.55e-06, 0, None, 'IRM-SRM-U'], [110.0, -203.144527, -14.19505903, 1.45e-06, 0, None, 'IRM-SRM-U'], [120.0, -203.0148359, -14.76971543, 1.42e-06, 0, None, 'IRM-SRM-U'], [130.0, -203.1053918, -10.86744428, 1.26e-06, 0, None, 'IRM-SRM-U'], [140.0, -205.0684608, -13.18882718, 1.23e-06, 0, None, 'IRM-SRM-U'], [150.0, -209.9445391, -16.966535, 1.11e-06, 0, None, 'IRM-SRM-U'], [160.0, -208.8940234, -10.33767874, 9.36e-07, 0, None, 'IRM-SRM-U'], [170.0, -215.2498139, -18.92342535, 8.47e-07, 0, None, 'IRM-SRM-U']], 0, 31, 'DE-BFL-A', 'MA1-2b', 'Fit 1', '0', '170.0mT', 'specimen')
None
-E- invalid parameters cannot assign to fit Fit 1 for specimen MA1-2b - was given:
None
-E- no such parameters to fetch for  in fit: Fit 1
Error: Could not do PCA recieved the following fit information
([[0.0, 188.2502557, 14.19218535, 1.07e-06, 0, None, 'IRM-SRM-U'], [1.0, 189.4478798, 14.93852077, 1.06e-06, 0, None, 'IRM-SRM-U'], [2.0, 184.7861865, 11.9532345, 1.04e-06, 0, None, 'IRM-SRM-U'], [3.0, -185.4607389, 2.910515064, 1.03e-06, 0, None, 'IRM-SRM-U'], [4.0, -193.9826195, -3.026375001, 1.07e-06, 0, None, 'IRM-SRM-U'], [5.0, -199.0959619, -6.077272386, 1.11e-06, 0, None, 'IRM-SRM-U'], [6.0, -201.5202305, -7.568853677, 1.14e-06, 0, None, 'IRM-SRM-U'], [7.0, -203.4450268, -8.117086056, 1.16e-06, 0, None, 'IRM-SRM-U'], [8.0, -204.5474202, -8.455357618, 1.17e-06, 0, None, 'IRM-SRM-U'], [9.0, -205.2808745, -8.476924917, 1.18e-06, 0, None, 'IRM-SRM-U'], [10.0, -206.4739014, -8.786669594, 1.19e-06, 0, None, 'IRM-SRM-U'], [15.0, -207.8637616, -8.654870013, 1.21e-06, 0, None, 'IRM-SRM-U'], [20.0, -207.8343914, -8.605038854, 1.23e-06, 0, None, 'IRM-SRM-U'], [25.0, -208.542712, -8.147734118, 1.23e-06, 0, None, 'IRM-SRM-U'], [30.0, -208.5314219, -9.909073435, 1.26e-06, 0, None, 'IRM-SRM-U'], [35.0, -207.7768052, -10.87107032, 1.27e-06, 0, None, 'IRM-SRM-U'], [40.0, -208.051813, -11.82615004, 1.29e-06, 0, None, 'IRM-SRM-U'], [45.0, -208.0542285, -12.08910008, 1.31e-06, 0, None, 'IRM-SRM-U'], [50.0, -207.6183953, -12.92621222, 1.34e-06, 0, None, 'IRM-SRM-U'], [55.0, -207.2301357, -14.13772914, 1.38e-06, 0, None, 'IRM-SRM-U'], [60.0, -206.574986, -14.30158231, 1.41e-06, 0, None, 'IRM-SRM-U'], [70.0, -206.4186494, -15.47382089, 1.46e-06, 0, None, 'IRM-SRM-U'], [80.0, -205.8073607, -16.98616305, 1.53e-06, 0, None, 'IRM-SRM-U'], [90.0, -203.9431533, -17.41849924, 1.53e-06, 0, None, 'IRM-SRM-U'], [100.0, -203.9247471, -17.07517183, 1.55e-06, 0, None, 'IRM-SRM-U'], [110.0, -203.144527, -14.19505903, 1.45e-06, 0, None, 'IRM-SRM-U'], [120.0, -203.0148359, -14.76971543, 1.42e-06, 0, None, 'IRM-SRM-U'], [130.0, -203.1053918, -10.86744428, 1.26e-06, 0, None, 'IRM-SRM-U'], [140.0, -205.0684608, -13.18882718, 1.23e-06, 0, None, 'IRM-SRM-U'], [150.0, -209.9445391, -16.966535, 1.11e-06, 0, None, 'IRM-SRM-U'], [160.0, -208.8940234, -10.33767874, 9.36e-07, 0, None, 'IRM-SRM-U'], [170.0, -215.2498139, -18.92342535, 8.47e-07, 0, None, 'IRM-SRM-U']], 0, 31, 'DE-BFL', 'MA1-2b', 'Fit 1', '0', '170.0mT', 'specimen')
None
-E- invalid parameters cannot assign to fit Fit 1 for specimen MA1-2b - was given:
None
-E- no such parameters to fetch for  in fit: Fit 1
Error: Could not do PCA recieved the following fit information
([[0.0, 188.2502557, 14.19218535, 1.07e-06, 0, None, 'IRM-SRM-U'], [1.0, 189.4478798, 14.93852077, 1.06e-06, 0, None, 'IRM-SRM-U'], [2.0, 184.7861865, 11.9532345, 1.04e-06, 0, None, 'IRM-SRM-U'], [3.0, -185.4607389, 2.910515064, 1.03e-06, 0, None, 'IRM-SRM-U'], [4.0, -193.9826195, -3.026375001, 1.07e-06, 0, None, 'IRM-SRM-U'], [5.0, -199.0959619, -6.077272386, 1.11e-06, 0, None, 'IRM-SRM-U'], [6.0, -201.5202305, -7.568853677, 1.14e-06, 0, None, 'IRM-SRM-U'], [7.0, -203.4450268, -8.117086056, 1.16e-06, 0, None, 'IRM-SRM-U'], [8.0, -204.5474202, -8.455357618, 1.17e-06, 0, None, 'IRM-SRM-U'], [9.0, -205.2808745, -8.476924917, 1.18e-06, 0, None, 'IRM-SRM-U'], [10.0, -206.4739014, -8.786669594, 1.19e-06, 0, None, 'IRM-SRM-U'], [15.0, -207.8637616, -8.654870013, 1.21e-06, 0, None, 'IRM-SRM-U'], [20.0, -207.8343914, -8.605038854, 1.23e-06, 0, None, 'IRM-SRM-U'], [25.0, -208.542712, -8.147734118, 1.23e-06, 0, None, 'IRM-SRM-U'], [30.0, -208.5314219, -9.909073435, 1.26e-06, 0, None, 'IRM-SRM-U'], [35.0, -207.7768052, -10.87107032, 1.27e-06, 0, None, 'IRM-SRM-U'], [40.0, -208.051813, -11.82615004, 1.29e-06, 0, None, 'IRM-SRM-U'], [45.0, -208.0542285, -12.08910008, 1.31e-06, 0, None, 'IRM-SRM-U'], [50.0, -207.6183953, -12.92621222, 1.34e-06, 0, None, 'IRM-SRM-U'], [55.0, -207.2301357, -14.13772914, 1.38e-06, 0, None, 'IRM-SRM-U'], [60.0, -206.574986, -14.30158231, 1.41e-06, 0, None, 'IRM-SRM-U'], [70.0, -206.4186494, -15.47382089, 1.46e-06, 0, None, 'IRM-SRM-U'], [80.0, -205.8073607, -16.98616305, 1.53e-06, 0, None, 'IRM-SRM-U'], [90.0, -203.9431533, -17.41849924, 1.53e-06, 0, None, 'IRM-SRM-U'], [100.0, -203.9247471, -17.07517183, 1.55e-06, 0, None, 'IRM-SRM-U'], [110.0, -203.144527, -14.19505903, 1.45e-06, 0, None, 'IRM-SRM-U'], [120.0, -203.0148359, -14.76971543, 1.42e-06, 0, None, 'IRM-SRM-U'], [130.0, -203.1053918, -10.86744428, 1.26e-06, 0, None, 'IRM-SRM-U'], [140.0, -205.0684608, -13.18882718, 1.23e-06, 0, None, 'IRM-SRM-U'], [150.0, -209.9445391, -16.966535, 1.11e-06, 0, None, 'IRM-SRM-U'], [160.0, -208.8940234, -10.33767874, 9.36e-07, 0, None, 'IRM-SRM-U'], [170.0, -215.2498139, -18.92342535, 8.47e-07, 0, None, 'IRM-SRM-U']], 1, 31, 'DE-BFL', 'MA1-2b', 'Fit 1', '1.0mT', '170.0mT', 'specimen')
None
-E- invalid parameters cannot assign to fit Fit 1 for specimen MA1-2b - was given:
None
-E- no such parameters to fetch for  in fit: Fit 1
